     1                                  bits 32 ; assembling for the 32 bits architecture
     2                                  
     3                                  ; declare the EntryPoint (a label defining the very first instruction of the program)
     4                                  global start        
     5                                  
     6                                  ; declare external functions needed by our program
     7                                  extern exit               ; tell nasm that exit exists even if we won't be defining it
     8                                  import exit msvcrt.dll    ; exit is a function that ends the calling process. It is defined in msvcrt.dll
     9                                                            ; msvcrt.dll contains exit, printf and all the other important C-runtime specific functions
    10                                  
    11                                  ; our data is declared here (the variables needed by our program)
    12                                  segment data use32 class=data
    13 00000000 0100                        a dw 1
    14 00000002 0200                        b dw 2
    15 00000004 0200                        c dw 2
    16 00000006 0200                        d dw 2
    17                                  
    18                                  ; our code starts here
    19                                  segment code use32 class=code
    20                                      start:
    21                                          ; (b+c+d)-(a+a)
    22 00000000 66A1[02000000]                  mov ax, [b]
    23 00000006 660305[04000000]                add ax, [c]
    24 0000000D 660305[06000000]                add ax, [d]
    25 00000014 668B15[00000000]                mov dx, [a]
    26 0000001B 660315[00000000]                add dx, [a]
    27 00000022 6601D0                          add ax, dx
    28                                      
    29                                          ; exit(0)
    30 00000025 6A00                            push    dword 0      ; push the parameter for exit onto the stack
    31 00000027 FF15[00000000]                  call    [exit]       ; call exit to terminate the program
