begin -> (-1, -1)
identifier -> (15, 0)
= -> (-1, -1)
; -> (-1, -1)
number -> (-1, -1)
; -> (-1, -1)
number -> (-1, -1)
identifier -> (14, 0)
; -> (-1, -1)
number -> (-1, -1)
identifier -> (16, 0)
; -> (-1, -1)
number -> (-1, -1)
identifier -> (5, 0)
; -> (-1, -1)
cread -> (-1, -1)
( -> (-1, -1)
identifier -> (12, 0)
) -> (-1, -1)
; -> (-1, -1)
cread -> (-1, -1)
( -> (-1, -1)
identifier -> (14, 0)
) -> (-1, -1)
; -> (-1, -1)
cread -> (-1, -1)
( -> (-1, -1)
identifier -> (16, 0)
) -> (-1, -1)
; -> (-1, -1)
if -> (-1, -1)
( -> (-1, -1)
identifier -> (12, 0)
> -> (-1, -1)
identifier -> (14, 0)
and -> (-1, -1)
identifier -> (12, 0)
> -> (-1, -1)
identifier -> (16, 0)
) -> (-1, -1)
{ -> (-1, -1)
identifier -> (5, 0)
= -> (-1, -1)
identifier -> (12, 0)
; -> (-1, -1)
} -> (-1, -1)
if -> (-1, -1)
( -> (-1, -1)
identifier -> (14, 0)
> -> (-1, -1)
identifier -> (12, 0)
and -> (-1, -1)
> -> (-1, -1)
identifier -> (16, 0)
) -> (-1, -1)
{ -> (-1, -1)
identifier -> (5, 0)
= -> (-1, -1)
identifier -> (14, 0)
; -> (-1, -1)
} -> (-1, -1)
if -> (-1, -1)
( -> (-1, -1)
identifier -> (16, 0)
> -> (-1, -1)
identifier -> (12, 0)
and -> (-1, -1)
> -> (-1, -1)
identifier -> (14, 0)
) -> (-1, -1)
{ -> (-1, -1)
identifier -> (5, 0)
= -> (-1, -1)
identifier -> (16, 0)
; -> (-1, -1)
} -> (-1, -1)
cwrite -> (-1, -1)
( -> (-1, -1)
identifier -> (5, 0)
) -> (-1, -1)
; -> (-1, -1)
end -> (-1, -1)
